<?xml version="1.0" encoding="UTF-8"?>
<!-- Generated by org.testng.reporters.JUnitXMLReporter -->
<testsuite hostname="DESKTOP-BF7E238" ignored="0" name="Test" tests="7" failures="2" timestamp="22 Feb 2022 10:06:30 GMT" time="0.3" errors="0">
  <testcase name="login01" time="0.041" classname="com.jbk.LoginTest">
    <failure type="java.lang.AssertionError" message="expected [true] but found [false]">
      <![CDATA[java.lang.AssertionError: expected [true] but found [false]
at com.jbk.LoginTest.login01(LoginTest.java:9)
... Removed 29 stack frames]]>
    </failure>
  </testcase> <!-- login01 -->
  <testcase name="login02" time="0.004" classname="com.jbk.LoginTest"/>
  <testcase name="dash1" time="0.014" classname="com.jbk.Dashboard"/>
  <testcase name="dash2" time="0.002" classname="com.jbk.Dashboard"/>
  <testcase name="dash3" time="0.006" classname="com.jbk.Dashboard">
    <failure type="java.lang.AssertionError" message="expected [1] but found [2]">
      <![CDATA[java.lang.AssertionError: expected [1] but found [2]
at com.jbk.Dashboard.dash3(Dashboard.java:19)
... Removed 31 stack frames]]>
    </failure>
  </testcase> <!-- dash3 -->
  <testcase name="test01" time="0.005" classname="com.jbk.Demo"/>
  <testcase name="test02" time="0.003" classname="com.jbk.Demo"/>
</testsuite> <!-- Test -->
